\BOOKMARK [1][-]{section.1}{Introduction}{}% 1
\BOOKMARK [2][-]{subsection.1.1}{Overview - Purpose of sytem}{section.1}% 2
\BOOKMARK [2][-]{subsection.1.2}{Abbreviations}{section.1}% 3
\BOOKMARK [1][-]{section.2}{System Design}{}% 4
\BOOKMARK [2][-]{subsection.2.1}{Design Overview}{section.2}% 5
\BOOKMARK [1][-]{section.3}{System Design Models}{}% 6
\BOOKMARK [2][-]{subsection.3.1}{System Context}{section.3}% 7
\BOOKMARK [2][-]{subsection.3.2}{UML Use Case}{section.3}% 8
\BOOKMARK [1][-]{section.4}{System Architecture}{}% 9
\BOOKMARK [2][-]{subsection.4.1}{Class diagram}{section.4}% 10
\BOOKMARK [2][-]{subsection.4.2}{Sequence diagram}{section.4}% 11
\BOOKMARK [1][-]{section.5}{State diagrams}{}% 12
\BOOKMARK [2][-]{subsection.5.1}{Front end}{section.5}% 13
\BOOKMARK [2][-]{subsection.5.2}{Back end}{section.5}% 14
\BOOKMARK [1][-]{section.6}{Activity diagram}{}% 15
\BOOKMARK [2][-]{subsection.6.1}{Logging in}{section.6}% 16
\BOOKMARK [1][-]{section.7}{Other diagrams}{}% 17
\BOOKMARK [2][-]{subsection.7.1}{Entity relationship diagram}{section.7}% 18
\BOOKMARK [2][-]{subsection.7.2}{Functional dependency diagram}{section.7}% 19
\BOOKMARK [2][-]{subsection.7.3}{Relational schema}{section.7}% 20
