This is pdfTeX, Version 3.1415926-2.5-1.40.14 (TeX Live 2013/Debian) (format=pdflatex 2016.2.11)  17 FEB 2016 13:48
entering extended mode
 restricted \write18 enabled.
 %&-line parsing enabled.
**./projectPlan.tex
(./projectPlan.tex
LaTeX2e <2011/06/27>
Babel <3.9h> and hyphenation patterns for 78 languages loaded.
(/usr/share/texlive/texmf-dist/tex/latex/base/article.cls
Document Class: article 2007/10/19 v1.4h Standard LaTeX document class
(/usr/share/texlive/texmf-dist/tex/latex/base/size12.clo
File: size12.clo 2007/10/19 v1.4h Standard LaTeX file (size option)
)
\c@part=\count79
\c@section=\count80
\c@subsection=\count81
\c@subsubsection=\count82
\c@paragraph=\count83
\c@subparagraph=\count84
\c@figure=\count85
\c@table=\count86
\abovecaptionskip=\skip41
\belowcaptionskip=\skip42
\bibindent=\dimen102
) (./nth.sty
Package: nth 2002/02/27
)
(./booktabs.sty
Package: booktabs 2005/04/14 v1.61803 publication quality tables
\heavyrulewidth=\dimen103
\lightrulewidth=\dimen104
\cmidrulewidth=\dimen105
\belowrulesep=\dimen106
\belowbottomsep=\dimen107
\aboverulesep=\dimen108
\abovetopsep=\dimen109
\cmidrulesep=\dimen110
\cmidrulekern=\dimen111
\defaultaddspace=\dimen112
\@cmidla=\count87
\@cmidlb=\count88
\@aboverulesep=\dimen113
\@belowrulesep=\dimen114
\@thisruleclass=\count89
\@lastruleclass=\count90
\@thisrulewidth=\dimen115
) (/usr/share/texlive/texmf-dist/tex/latex/enumitem/enumitem.sty
Package: enumitem 2011/09/28 v3.5.2 Customized lists
\enitkv@toks@=\toks14
\labelindent=\skip43
\enit@outerparindent=\dimen116
\enit@toks=\toks15
\enit@inbox=\box26
\enitdp@description=\count91
) (./projectPlan.aux)
\openout1 = `projectPlan.aux'.

LaTeX Font Info:    Checking defaults for OML/cmm/m/it on input line 6.
LaTeX Font Info:    ... okay on input line 6.
LaTeX Font Info:    Checking defaults for T1/cmr/m/n on input line 6.
LaTeX Font Info:    ... okay on input line 6.
LaTeX Font Info:    Checking defaults for OT1/cmr/m/n on input line 6.
LaTeX Font Info:    ... okay on input line 6.
LaTeX Font Info:    Checking defaults for OMS/cmsy/m/n on input line 6.
LaTeX Font Info:    ... okay on input line 6.
LaTeX Font Info:    Checking defaults for OMX/cmex/m/n on input line 6.
LaTeX Font Info:    ... okay on input line 6.
LaTeX Font Info:    Checking defaults for U/cmr/m/n on input line 6.
LaTeX Font Info:    ... okay on input line 6.
LaTeX Font Info:    External font `cmex10' loaded for size
(Font)              <14.4> on input line 9.
LaTeX Font Info:    External font `cmex10' loaded for size
(Font)              <7> on input line 9.
Missing character: There is no â in font cmr12!
Missing character: There is no € in font cmr12!
Missing character: There is no ™ in font cmr12!
 [1

{/var/lib/texmf/fonts/map/pdftex/updmap/pdftex.map}]
[2] [3]
LaTeX Font Info:    External font `cmex10' loaded for size
(Font)              <12> on input line 66.
LaTeX Font Info:    External font `cmex10' loaded for size
(Font)              <8> on input line 66.
LaTeX Font Info:    External font `cmex10' loaded for size
(Font)              <6> on input line 66.

Overfull \hbox (3.43304pt too wide) in paragraph at lines 68--68
[]\OT1/cmr/m/n/12 Finish| 
 []


Overfull \hbox (3.50235pt too wide) in paragraph at lines 68--69
[]\OT1/cmr/m/n/12 Duration
 []


Underfull \hbox (badness 10000) in paragraph at lines 68--69
\OT1/cmr/m/n/12 (in
 []


Underfull \hbox (badness 10000) in paragraph at lines 70--70
[]\OT1/cmr/m/n/12 19$[]$
 []


Underfull \hbox (badness 10000) in paragraph at lines 70--70
[]\OT1/cmr/m/n/12 25$[]$
 []


Underfull \hbox (badness 10000) in paragraph at lines 72--72
[]\OT1/cmr/m/n/12 Research and
 []


Underfull \hbox (badness 3039) in paragraph at lines 72--72
\OT1/cmr/m/n/12 lan-guages and tech-niques
 []


Underfull \hbox (badness 10000) in paragraph at lines 72--72
[]\OT1/cmr/m/n/12 25$[]$
 []


Underfull \hbox (badness 10000) in paragraph at lines 72--72
[]\OT1/cmr/m/n/12 8$[]$
 []


Underfull \hbox (badness 10000) in paragraph at lines 74--74
[]\OT1/cmr/m/n/12 8$[]$
 []


Underfull \hbox (badness 10000) in paragraph at lines 74--74
[]\OT1/cmr/m/n/12 4$[]$
 []


Underfull \hbox (badness 2057) in paragraph at lines 76--76
[]\OT1/cmr/m/n/12 Review project and note
 []


Underfull \hbox (badness 10000) in paragraph at lines 76--76
[]\OT1/cmr/m/n/12 4$[]$
 []


Underfull \hbox (badness 10000) in paragraph at lines 76--76
[]\OT1/cmr/m/n/12 11$[]$
 []

[4]
Underfull \hbox (badness 10000) in paragraph at lines 95--95
[]\OT1/cmr/m/n/12 Project
 []


Underfull \hbox (badness 2285) in paragraph at lines 95--96
[]\OT1/cmr/m/n/12 Allocating tasks, back end
 []


Underfull \hbox (badness 10000) in paragraph at lines 97--97
[]\OT1/cmr/m/n/12 Second in com-
 []

[5]
Underfull \hbox (badness 10000) in paragraph at lines 121--121
[]\OT1/cmr/m/n/12 Inappropriate
 []

[6] [7] [8] (./projectPlan.aux) ) 
Here is how much of TeX's memory you used:
 592 strings out of 493304
 8102 string characters out of 6139871
 63708 words of memory out of 5000000
 4116 multiletter control sequences out of 15000+600000
 8808 words of font info for 31 fonts, out of 8000000 for 9000
 957 hyphenation exceptions out of 8191
 22i,12n,19p,198b,192s stack positions out of 5000i,500n,10000p,200000b,80000s
</usr/share/texlive/texmf-dist/fonts/type1/pub
lic/amsfonts/cm/cmbx12.pfb></usr/share/texlive/texmf-dist/fonts/type1/public/am
sfonts/cm/cmr12.pfb></usr/share/texlive/texmf-dist/fonts/type1/public/amsfonts/
cm/cmr17.pfb></usr/share/texlive/texmf-dist/fonts/type1/public/amsfonts/cm/cmr8
.pfb>
Output written on projectPlan.pdf (8 pages, 62667 bytes).
PDF statistics:
 47 PDF objects out of 1000 (max. 8388607)
 32 compressed objects within 1 object stream
 0 named destinations out of 1000 (max. 500000)
 1 words of extra memory for PDF output out of 10000 (max. 10000000)

